[0;36m===> PREPARE
[0mBuild reason(s): BUILDPACK,STACK
BUILDPACK:
	[31m-[0m [31m- id: paketo-buildpacks/apache-tomcat[0m
	[31m-[0m [31m  version: 7.13.5[0m
	[31m-[0m [31m- id: paketo-buildpacks/dist-zip[0m
	[31m-[0m [31m  version: 5.6.3[0m
	[31m-[0m [31m- id: paketo-buildpacks/liberty[0m
	[31m-[0m [31m  version: 3.7.2[0m
	[31m-[0m [31m- id: paketo-buildpacks/maven[0m
	[31m-[0m [31m  version: 6.15.3[0m
STACK:
	[31m-[0m [31msha256:72d30e0638c6e01e23e4f36a33e061dde35cc590c69ae6cfca046d02380bc340[0m
	[32m+[0m [32msha256:4b16594e4bbb9e3ced98e2b846bad9964ef4e2ace77934d5bce1a15cac9b0bc8[0m
Loading registry credentials from service account secrets
Loading secret for "europe-docker.pkg.dev" from secret "registries-credentials" at location "/var/build-secrets/registries-credentials"
Loading secret for "europe-west4-docker.pkg.dev" from secret "registries-credentials" at location "/var/build-secrets/registries-credentials"
Loading cluster credential helpers
Downloading source-controller-manager-artifact-service.source-system.svc.cluster.local./imagerepository/instructor1/spring-petclinic/3a833fec1f2b36564a0632eb20e2082c88395b6f44165bb069831a3c066bf992.tar.gz...
Successfully downloaded source-controller-manager-artifact-service.source-system.svc.cluster.local./imagerepository/instructor1/spring-petclinic/3a833fec1f2b36564a0632eb20e2082c88395b6f44165bb069831a3c066bf992.tar.gz in path "/workspace"
[0;36m===> ANALYZE
[0mRestoring data for SBOM from previous image
[0;36m===> DETECT
[0m[33;1mWarning: [0mBuildpack 'tanzu-buildpacks/go-lite@2.1.4' requests deprecated API '0.6'
11 of 43 buildpacks participating
paketo-buildpacks/ca-certificates   3.6.0
paketo-buildpacks/microsoft-openjdk 2.8.1
paketo-buildpacks/syft              1.10.1
paketo-buildpacks/maven             6.13.0
paketo-buildpacks/executable-jar    6.6.1
paketo-buildpacks/apache-tomcat     7.12.1
paketo-buildpacks/apache-tomee      1.6.1
paketo-buildpacks/liberty           3.5.0
paketo-buildpacks/dist-zip          5.5.1
paketo-buildpacks/spring-boot       5.23.0
paketo-buildpacks/image-labels      4.4.1
[0;36m===> RESTORE
[0mRestoring metadata for "paketo-buildpacks/ca-certificates:helper" from app image
Restoring metadata for "paketo-buildpacks/syft:syft" from cache
Restoring metadata for "paketo-buildpacks/maven:application" from cache
Restoring metadata for "paketo-buildpacks/maven:cache" from cache
Restoring metadata for "paketo-buildpacks/spring-boot:helper" from app image
Restoring metadata for "paketo-buildpacks/spring-boot:spring-cloud-bindings" from app image
Restoring metadata for "paketo-buildpacks/spring-boot:web-application-type" from app image
Restoring data for "paketo-buildpacks/syft:syft" from cache
Restoring data for "paketo-buildpacks/maven:application" from cache
Restoring data for "paketo-buildpacks/maven:cache" from cache
Restoring data for SBOM from cache
[0;36m===> BUILD
[0m[34m[0m
[34m[1mPaketo Buildpack for CA Certificates[0m[34m 3.6.0[0m
  [34;2;3mhttps://github.com/paketo-buildpacks/ca-certificates[0m
  [34mLaunch Helper[0m: [33mContributing[0m to layer
[2m    Creating /layers/paketo-buildpacks_ca-certificates/helper/exec.d/ca-certificates-helper[0m
[34m[0m
[34m[1mPaketo Buildpack for Microsoft OpenJDK[0m[34m 2.8.1[0m
  [34;2;3mhttps://github.com/paketo-buildpacks/microsoft-openjdk[0m
  [2mBuild Configuration:[0m
[2m    $BP_JVM_JLINK_ARGS           --no-man-pages --no-header-files --strip-debug --compress=1  configure custom link arguments (--output must be omitted)[0m
[2m    $BP_JVM_JLINK_ENABLED        false                                                        enables running jlink tool to generate custom JRE[0m
[2m    $BP_JVM_TYPE                 JRE                                                          the JVM type - JDK or JRE[0m
[2m    $BP_JVM_VERSION              17                                                           the Java version[0m
  [2mLaunch Configuration:[0m
[2m    $BPL_DEBUG_ENABLED           false                                                        enables Java remote debugging support[0m
[2m    $BPL_DEBUG_PORT              8000                                                         configure the remote debugging port[0m
[2m    $BPL_DEBUG_SUSPEND           false                                                        configure whether to suspend execution until a debugger has attached[0m
[2m    $BPL_HEAP_DUMP_PATH                                                                       write heap dumps on error to this path[0m
[2m    $BPL_JAVA_NMT_ENABLED        true                                                         enables Java Native Memory Tracking (NMT)[0m
[2m    $BPL_JAVA_NMT_LEVEL          summary                                                      configure level of NMT, summary or detail[0m
[2m    $BPL_JFR_ARGS                                                                             configure custom Java Flight Recording (JFR) arguments[0m
[2m    $BPL_JFR_ENABLED             false                                                        enables Java Flight Recording (JFR)[0m
[2m    $BPL_JMX_ENABLED             false                                                        enables Java Management Extensions (JMX)[0m
[2m    $BPL_JMX_PORT                5000                                                         configure the JMX port[0m
[2m    $BPL_JVM_HEAD_ROOM           0                                                            the headroom in memory calculation[0m
[2m    $BPL_JVM_LOADED_CLASS_COUNT  35% of classes                                               the number of loaded classes in memory calculation[0m
[2m    $BPL_JVM_THREAD_COUNT        250                                                          the number of threads in memory calculation[0m
[2m    $JAVA_TOOL_OPTIONS                                                                        the JVM launch flags[0m
[2m    [2mUsing Java version 17 from BP_JVM_VERSION[0m[2m[0m
  [33;1mNo valid JRE available, providing matching JDK instead. Using a JDK at runtime has security implications.[0m
  [34mMicrosoft OpenJDK 17.0.6[0m: [33mContributing[0m to layer
[2m    [32mReusing[0m[2m cached download from buildpack[0m
[2m    Expanding to /layers/paketo-buildpacks_microsoft-openjdk/jdk[0m
[2m    Adding 137 container CA certificates to JVM truststore[0m
[2m    Writing env.build/JAVA_HOME.default[0m
[2m    Writing env.launch/BPI_APPLICATION_PATH.default[0m
[2m    Writing env.launch/BPI_JVM_CACERTS.default[0m
[2m    Writing env.launch/BPI_JVM_CLASS_COUNT.default[0m
[2m    Writing env.launch/BPI_JVM_SECURITY_PROVIDERS.default[0m
[2m    Writing env.launch/JAVA_HOME.default[0m
[2m    Writing env.launch/JAVA_TOOL_OPTIONS.append[0m
[2m    Writing env.launch/JAVA_TOOL_OPTIONS.delim[0m
[2m    Writing env.launch/MALLOC_ARENA_MAX.default[0m
  [34mLaunch Helper[0m: [33mContributing[0m to layer
[2m    Creating /layers/paketo-buildpacks_microsoft-openjdk/helper/exec.d/active-processor-count[0m
[2m    Creating /layers/paketo-buildpacks_microsoft-openjdk/helper/exec.d/java-opts[0m
[2m    Creating /layers/paketo-buildpacks_microsoft-openjdk/helper/exec.d/jvm-heap[0m
[2m    Creating /layers/paketo-buildpacks_microsoft-openjdk/helper/exec.d/link-local-dns[0m
[2m    Creating /layers/paketo-buildpacks_microsoft-openjdk/helper/exec.d/memory-calculator[0m
[2m    Creating /layers/paketo-buildpacks_microsoft-openjdk/helper/exec.d/security-providers-configurer[0m
[2m    Creating /layers/paketo-buildpacks_microsoft-openjdk/helper/exec.d/jmx[0m
[2m    Creating /layers/paketo-buildpacks_microsoft-openjdk/helper/exec.d/jfr[0m
[2m    Creating /layers/paketo-buildpacks_microsoft-openjdk/helper/exec.d/security-providers-classpath-9[0m
[2m    Creating /layers/paketo-buildpacks_microsoft-openjdk/helper/exec.d/debug-9[0m
[2m    Creating /layers/paketo-buildpacks_microsoft-openjdk/helper/exec.d/nmt[0m
[2m    Creating /layers/paketo-buildpacks_microsoft-openjdk/helper/exec.d/openssl-certificate-loader[0m
  [34mJava Security Properties[0m: [33mContributing[0m to layer
[2m    Writing env.launch/JAVA_SECURITY_PROPERTIES.default[0m
[2m    Writing env.launch/JAVA_TOOL_OPTIONS.append[0m
[2m    Writing env.launch/JAVA_TOOL_OPTIONS.delim[0m
[34m[0m
[34m[1mPaketo Syft Buildpack[0m[34m 1.10.1[0m
  [34;2;3mhttps://github.com/paketo-buildpacks/syft[0m
[34m[0m
[34m[1mPaketo Buildpack for Maven[0m[34m 6.13.0[0m
  [34;2;3mhttps://github.com/paketo-buildpacks/maven[0m
  [2mBuild Configuration:[0m
[2m    $BP_EXCLUDE_FILES                                                                 colon separated list of glob patterns, matched source files are removed[0m
[2m    $BP_INCLUDE_FILES                                                                 colon separated list of glob patterns, matched source files are included[0m
[2m    $BP_JAVA_INSTALL_NODE      false                                                  whether to install Yarn/Node binaries based on the presence of a package.json or yarn.lock file[0m
[2m    $BP_MAVEN_BUILD_ARGUMENTS  -Dmaven.test.skip=true --no-transfer-progress package  the arguments to pass to Maven[0m
[2m    $BP_MAVEN_BUILT_ARTIFACT   target/*.[ejw]ar                                       the built application artifact explicitly.  Supersedes $BP_MAVEN_BUILT_MODULE[0m
[2m    $BP_MAVEN_BUILT_MODULE                                                            the module to find application artifact in[0m
[2m    $BP_MAVEN_DAEMON_ENABLED   false                                                  use maven daemon[0m
[2m    $BP_MAVEN_POM_FILE         pom.xml                                                the location of the main pom.xml file, relative to the application root[0m
[2m    $BP_MAVEN_SETTINGS_PATH                                                           the path to a Maven settings file[0m
[2m    $BP_MAVEN_VERSION          3                                                      the Maven version[0m
[2m    $BP_NODE_PROJECT_PATH                                                             configure a project subdirectory to look for `package.json` and `yarn.lock` files[0m
[2m    Creating cache directory /home/cnb/.m2[0m
  [34mCompiled Application[0m: [33mContributing[0m to layer
[2m    Executing mvnw --batch-mode -Dmaven.test.skip=true --no-transfer-progress package[0m
      [0m[0m[INFO] Scanning for projects...
      [INFO] 
      [INFO] -----------< org.springframework.samples:spring-pet-clinic >------------
      [INFO] Building petclinic 2.6.0-SNAPSHOT
      [INFO] --------------------------------[ jar ]---------------------------------
      [INFO] 
      [INFO] --- spring-javaformat-maven-plugin:0.0.31:validate (default) @ spring-pet-clinic ---
      [INFO] 
      [INFO] --- maven-checkstyle-plugin:3.1.2:check (nohttp-checkstyle-validation) @ spring-pet-clinic ---
      [INFO] You have 0 Checkstyle violations.
      [INFO] 
      [INFO] --- jacoco-maven-plugin:0.8.7:prepare-agent (default) @ spring-pet-clinic ---
      [INFO] argLine set to -javaagent:/home/cnb/.m2/repository/org/jacoco/org.jacoco.agent/0.8.7/org.jacoco.agent-0.8.7-runtime.jar=destfile=/workspace/target/jacoco.exec
      [INFO] 
      [INFO] --- git-commit-id-plugin:4.9.10:revision (default) @ spring-pet-clinic ---
      [INFO] dotGitDirectory is null, aborting execution!
      [INFO] 
      [INFO] --- spring-boot-maven-plugin:2.6.9:build-info (default) @ spring-pet-clinic ---
      [INFO] 
      [INFO] --- maven-resources-plugin:3.2.0:resources (default-resources) @ spring-pet-clinic ---
      [INFO] Using 'UTF-8' encoding to copy filtered resources.
      [INFO] Using 'UTF-8' encoding to copy filtered properties files.
      [INFO] Copying 3 resources
      [INFO] Copying 43 resources
      [INFO] 
      [INFO] --- maven-compiler-plugin:3.8.1:compile (default-compile) @ spring-pet-clinic ---
      [INFO] Changes detected - recompiling the module!
      [INFO] Compiling 23 source files to /workspace/target/classes
      [INFO] 
      [INFO] --- maven-resources-plugin:3.2.0:testResources (default-testResources) @ spring-pet-clinic ---
      [INFO] Not copying test resources
      [INFO] 
      [INFO] --- maven-compiler-plugin:3.8.1:testCompile (default-testCompile) @ spring-pet-clinic ---
      [INFO] Not compiling test sources
      [INFO] 
      [INFO] --- maven-surefire-plugin:2.22.2:test (default-test) @ spring-pet-clinic ---
      [INFO] Tests are skipped.
      [INFO] 
      [INFO] --- jacoco-maven-plugin:0.8.7:report (report) @ spring-pet-clinic ---
      [INFO] Skipping JaCoCo execution due to missing execution data file.
      [INFO] 
      [INFO] --- maven-jar-plugin:3.2.2:jar (default-jar) @ spring-pet-clinic ---
      [INFO] Building jar: /workspace/target/spring-pet-clinic-2.6.0-SNAPSHOT.jar
      [INFO] 
      [INFO] --- spring-boot-maven-plugin:2.6.9:repackage (repackage) @ spring-pet-clinic ---
      [INFO] Replacing main artifact with repackaged archive
      [INFO] ------------------------------------------------------------------------
      [INFO] BUILD SUCCESS
      [INFO] ------------------------------------------------------------------------
      [INFO] Total time:  13.302 s
      [INFO] Finished at: 2023-10-31T14:24:34Z
      [INFO] ------------------------------------------------------------------------
      [0m[0m
  Removing source code
  Restoring application artifact
[34m[0m
[34m[1mPaketo Buildpack for Executable JAR[0m[34m 6.6.1[0m
  [34;2;3mhttps://github.com/paketo-buildpacks/executable-jar[0m
  [34mClass Path[0m: [33mContributing[0m to layer
[2m    Writing env/CLASSPATH.delim[0m
[2m    Writing env/CLASSPATH.prepend[0m
  Process types:
    [36mexecutable-jar[0m: java org.springframework.boot.loader.JarLauncher (direct)
    [36mtask[0m:           java org.springframework.boot.loader.JarLauncher (direct)
    [36mweb[0m:            java org.springframework.boot.loader.JarLauncher (direct)
[34m[0m
[34m[1mPaketo Buildpack for Spring Boot[0m[34m 5.23.0[0m
  [34;2;3mhttps://github.com/paketo-buildpacks/spring-boot[0m
  [2mBuild Configuration:[0m
[2m    $BP_SPRING_CLOUD_BINDINGS_DISABLED   false  whether to contribute Spring Boot cloud bindings support[0m
  [2mLaunch Configuration:[0m
[2m    $BPL_SPRING_CLOUD_BINDINGS_DISABLED  false  whether to auto-configure Spring Boot environment properties from bindings[0m
[2m    $BPL_SPRING_CLOUD_BINDINGS_ENABLED   true   Deprecated - whether to auto-configure Spring Boot environment properties from bindings[0m
  Creating slices from layers index
[2m    dependencies (49.0 MB)[0m
[2m    spring-boot-loader (284.1 KB)[0m
[2m    snapshot-dependencies (0.0 B)[0m
[2m    application (1.1 MB)[0m
  [34mLaunch Helper[0m: [33mContributing[0m to layer
[2m    Creating /layers/paketo-buildpacks_spring-boot/helper/exec.d/spring-cloud-bindings[0m
  [34mSpring Cloud Bindings 1.11.0[0m: [33mContributing[0m to layer
[2m    [32mReusing[0m[2m cached download from buildpack[0m
[2m    Copying to /layers/paketo-buildpacks_spring-boot/spring-cloud-bindings[0m
  [34mWeb Application Type[0m: [33mContributing[0m to layer
[2m    Servlet web application detected[0m
[2m    Writing env.launch/BPL_JVM_THREAD_COUNT.default[0m
  4 application slices
  Image labels:
    org.opencontainers.image.title
    org.opencontainers.image.version
    org.springframework.boot.version
[34m[0m
[34m[1mPaketo Buildpack for Image Labels[0m[34m 4.4.1[0m
  [34;2;3mhttps://github.com/paketo-buildpacks/image-labels[0m
  [2mBuild Configuration:[0m
[2m    $BP_IMAGE_LABELS                                                                                                                                                                              arbitrary image labels[0m
[2m    $BP_OCI_AUTHORS                                                                                                                                                                               the org.opencontainers.image.authors image label[0m
[2m    $BP_OCI_CREATED                                                                                                                                                                               the org.opencontainers.image.created image label[0m
[2m    $BP_OCI_DESCRIPTION                                                                                                                                                                           the org.opencontainers.image.description image label[0m
[2m    $BP_OCI_DOCUMENTATION                                                                                                                                                                         the org.opencontainers.image.documentation image label[0m
[2m    $BP_OCI_LICENSES                                                                                                                                                                              the org.opencontainers.image.licenses image label[0m
[2m    $BP_OCI_REF_NAME                                                                                                                                                                              the org.opencontainers.image.ref.name image label[0m
[2m    $BP_OCI_REVISION                                                                                                                                                                              the org.opencontainers.image.revision image label[0m
[2m    $BP_OCI_SOURCE         europe-west4-docker.pkg.dev/tap-sandbox-dev/tapv-proud-corgi/lsp:instructor1-spring-petclinic@sha256:3a833fec1f2b36564a0632eb20e2082c88395b6f44165bb069831a3c066bf992  the org.opencontainers.image.revision image label[0m
[2m    $BP_OCI_TITLE                                                                                                                                                                                 the org.opencontainers.image.title image label[0m
[2m    $BP_OCI_URL                                                                                                                                                                                   the org.opencontainers.image.url image label[0m
[2m    $BP_OCI_VENDOR                                                                                                                                                                                the org.opencontainers.image.vendor image label[0m
[2m    $BP_OCI_VERSION                                                                                                                                                                               the org.opencontainers.image.version image label[0m
  Image labels:
    org.opencontainers.image.source
[0;36m===> EXPORT
[0mReusing layers from image 'europe-west4-docker.pkg.dev/tap-sandbox-dev/tapv-proud-corgi/spring-petclinic-instructor1@sha256:30a25e620f9ee8a856096bbeb1580714805e742214b9f5eb483eac940d99c799'
Adding layer 'paketo-buildpacks/ca-certificates:helper'
Adding layer 'paketo-buildpacks/microsoft-openjdk:helper'
Adding layer 'paketo-buildpacks/microsoft-openjdk:java-security-properties'
Adding layer 'paketo-buildpacks/microsoft-openjdk:jdk'
Reusing layer 'paketo-buildpacks/executable-jar:classpath'
Adding layer 'paketo-buildpacks/spring-boot:helper'
Adding layer 'paketo-buildpacks/spring-boot:spring-cloud-bindings'
Reusing layer 'paketo-buildpacks/spring-boot:web-application-type'
Adding layer 'buildpacksio/lifecycle:launch.sbom'
Reusing 3/5 app layer(s)
Adding 2/5 app layer(s)
Reusing layer 'buildpacksio/lifecycle:launcher'
Adding layer 'buildpacksio/lifecycle:config'
Reusing layer 'buildpacksio/lifecycle:process-types'
Adding label 'io.buildpacks.lifecycle.metadata'
Adding label 'io.buildpacks.build.metadata'
Adding label 'io.buildpacks.project.metadata'
Adding label 'org.opencontainers.image.title'
Adding label 'org.opencontainers.image.version'
Adding label 'org.springframework.boot.version'
Adding label 'org.opencontainers.image.source'
Setting default process type 'web'
Saving europe-west4-docker.pkg.dev/tap-sandbox-dev/tapv-proud-corgi/spring-petclinic-instructor1...
*** Images (sha256:f13ef9ac5b14df1bd5809e6fbb00304b829e47de84e8d89c25a3076f73cad73d):
      europe-west4-docker.pkg.dev/tap-sandbox-dev/tapv-proud-corgi/spring-petclinic-instructor1
      europe-west4-docker.pkg.dev/tap-sandbox-dev/tapv-proud-corgi/spring-petclinic-instructor1:b2.20231031.142207
Adding cache layer 'paketo-buildpacks/microsoft-openjdk:jdk'
Reusing cache layer 'paketo-buildpacks/syft:syft'
Adding cache layer 'paketo-buildpacks/maven:application'
Reusing cache layer 'paketo-buildpacks/maven:cache'
Adding cache layer 'buildpacksio/lifecycle:cache.sbom'
[0;36m===> COMPLETION
[0mBuild successful
